Determining if the pthread_create exist failed with the following output:
Change Dir: /home/group7/ros_ws/build/CMakeFiles/CMakeTmp

Run Build Command:/usr/bin/make "cmTryCompileExec2757158504/fast"
/usr/bin/make -f CMakeFiles/cmTryCompileExec2757158504.dir/build.make CMakeFiles/cmTryCompileExec2757158504.dir/build
make[1]: Entering directory `/home/group7/ros_ws/build/CMakeFiles/CMakeTmp'
/usr/bin/cmake -E cmake_progress_report /home/group7/ros_ws/build/CMakeFiles/CMakeTmp/CMakeFiles 1
Building C object CMakeFiles/cmTryCompileExec2757158504.dir/CheckSymbolExists.c.o
/usr/bin/cc    -o CMakeFiles/cmTryCompileExec2757158504.dir/CheckSymbolExists.c.o   -c /home/group7/ros_ws/build/CMakeFiles/CMakeTmp/CheckSymbolExists.c
Linking C executable cmTryCompileExec2757158504
/usr/bin/cmake -E cmake_link_script CMakeFiles/cmTryCompileExec2757158504.dir/link.txt --verbose=1
/usr/bin/cc       CMakeFiles/cmTryCompileExec2757158504.dir/CheckSymbolExists.c.o  -o cmTryCompileExec2757158504 -rdynamic 
CMakeFiles/cmTryCompileExec2757158504.dir/CheckSymbolExists.c.o: In function `main':
CheckSymbolExists.c:(.text+0x16): undefined reference to `pthread_create'
collect2: error: ld returned 1 exit status
make[1]: Leaving directory `/home/group7/ros_ws/build/CMakeFiles/CMakeTmp'
make[1]: *** [cmTryCompileExec2757158504] Error 1
make: *** [cmTryCompileExec2757158504/fast] Error 2

File /home/group7/ros_ws/build/CMakeFiles/CMakeTmp/CheckSymbolExists.c:
/* */
#include <pthread.h>

int main(int argc, char** argv)
{
  (void)argv;
#ifndef pthread_create
  return ((int*)(&pthread_create))[argc];
#else
  (void)argc;
  return 0;
#endif
}

Determining if the function pthread_create exists in the pthreads failed with the following output:
Change Dir: /home/group7/ros_ws/build/CMakeFiles/CMakeTmp

Run Build Command:/usr/bin/make "cmTryCompileExec228049255/fast"
/usr/bin/make -f CMakeFiles/cmTryCompileExec228049255.dir/build.make CMakeFiles/cmTryCompileExec228049255.dir/build
make[1]: Entering directory `/home/group7/ros_ws/build/CMakeFiles/CMakeTmp'
/usr/bin/cmake -E cmake_progress_report /home/group7/ros_ws/build/CMakeFiles/CMakeTmp/CMakeFiles 1
Building C object CMakeFiles/cmTryCompileExec228049255.dir/CheckFunctionExists.c.o
/usr/bin/cc   -DCHECK_FUNCTION_EXISTS=pthread_create   -o CMakeFiles/cmTryCompileExec228049255.dir/CheckFunctionExists.c.o   -c /usr/share/cmake-2.8/Modules/CheckFunctionExists.c
Linking C executable cmTryCompileExec228049255
/usr/bin/cmake -E cmake_link_script CMakeFiles/cmTryCompileExec228049255.dir/link.txt --verbose=1
/usr/bin/cc   -DCHECK_FUNCTION_EXISTS=pthread_create    CMakeFiles/cmTryCompileExec228049255.dir/CheckFunctionExists.c.o  -o cmTryCompileExec228049255 -rdynamic -lpthreads 
/usr/bin/ld: cannot find -lpthreads
collect2: error: ld returned 1 exit status
make[1]: Leaving directory `/home/group7/ros_ws/build/CMakeFiles/CMakeTmp'
make[1]: *** [cmTryCompileExec228049255] Error 1
make: *** [cmTryCompileExec228049255/fast] Error 2


